<?xml version="1.0" encoding="UTF-8"?>
<testng-results ignored="0" total="1" passed="1" failed="0" skipped="0">
  <reporter-output>
  </reporter-output>
  <suite started-at="2024-02-25T19:23:22 IST" name="Default suite" finished-at="2024-02-25T19:23:41 IST" duration-ms="18180">
    <groups>
    </groups>
    <test started-at="2024-02-25T19:23:22 IST" name="Default test" finished-at="2024-02-25T19:23:41 IST" duration-ms="18180">
      <class name="RunnerTest.RunTest">
        <test-method signature="TestOne()[pri:0, instance:RunnerTest.RunTest@6c130c45]" started-at="2024-02-25T19:23:22 IST" name="TestOne" finished-at="2024-02-25T19:23:41 IST" duration-ms="18059" status="PASS">
          <reporter-output>
          </reporter-output>
        </test-method> <!-- TestOne -->
      </class> <!-- RunnerTest.RunTest -->
    </test> <!-- Default test -->
  </suite> <!-- Default suite -->
</testng-results>
