<?xml version="1.0" encoding="UTF-8"?>
<testng-results ignored="0" total="1" passed="1" failed="0" skipped="0">
  <reporter-output>
  </reporter-output>
  <suite started-at="2024-03-02T19:50:27 IST" name="Default suite" finished-at="2024-03-02T19:51:40 IST" duration-ms="73353">
    <groups>
    </groups>
    <test started-at="2024-03-02T19:50:27 IST" name="Default test" finished-at="2024-03-02T19:51:40 IST" duration-ms="73353">
      <class name="com.datadrivenframework.test.LoginTest.loginTest">
        <test-method signature="testOne()[pri:0, instance:com.datadrivenframework.test.LoginTest.loginTest@14f232c4]" started-at="2024-03-02T19:50:27 IST" name="testOne" finished-at="2024-03-02T19:51:34 IST" duration-ms="67664" status="PASS">
          <reporter-output>
          </reporter-output>
        </test-method> <!-- testOne -->
        <test-method is-config="true" signature="afterTest()[pri:0, instance:com.datadrivenframework.test.LoginTest.loginTest@14f232c4]" started-at="2024-03-02T19:51:34 IST" name="afterTest" finished-at="2024-03-02T19:51:34 IST" duration-ms="2" status="PASS">
          <reporter-output>
          </reporter-output>
        </test-method> <!-- afterTest -->
        <test-method is-config="true" signature="endReport()[pri:0, instance:com.datadrivenframework.test.LoginTest.loginTest@14f232c4]" started-at="2024-03-02T19:51:34 IST" name="endReport" finished-at="2024-03-02T19:51:40 IST" duration-ms="5488" status="PASS">
          <reporter-output>
          </reporter-output>
        </test-method> <!-- endReport -->
      </class> <!-- com.datadrivenframework.test.LoginTest.loginTest -->
    </test> <!-- Default test -->
  </suite> <!-- Default suite -->
</testng-results>
