<?xml version="1.0" encoding="UTF-8"?>
<testng-results ignored="0" total="1" passed="1" failed="0" skipped="0">
  <reporter-output>
  </reporter-output>
  <suite started-at="2024-03-01T19:18:38 IST" name="Default suite" finished-at="2024-03-01T19:20:12 IST" duration-ms="93822">
    <groups>
    </groups>
    <test started-at="2024-03-01T19:18:38 IST" name="Default test" finished-at="2024-03-01T19:20:12 IST" duration-ms="93822">
      <class name="com.datadrivenframework.test.LoginTest.loginTest">
        <test-method signature="testOne()[pri:0, instance:com.datadrivenframework.test.LoginTest.loginTest@4808bc9b]" started-at="2024-03-01T19:18:38 IST" name="testOne" finished-at="2024-03-01T19:20:10 IST" duration-ms="92455" status="PASS">
          <reporter-output>
          </reporter-output>
        </test-method> <!-- testOne -->
        <test-method is-config="true" signature="endReport()[pri:0, instance:com.datadrivenframework.test.LoginTest.loginTest@4808bc9b]" started-at="2024-03-01T19:20:10 IST" name="endReport" finished-at="2024-03-01T19:20:12 IST" duration-ms="1222" status="PASS">
          <reporter-output>
          </reporter-output>
        </test-method> <!-- endReport -->
      </class> <!-- com.datadrivenframework.test.LoginTest.loginTest -->
    </test> <!-- Default test -->
  </suite> <!-- Default suite -->
</testng-results>
