<?xml version="1.0" encoding="UTF-8"?>
<testng-results ignored="0" total="1" passed="1" failed="0" skipped="0">
  <reporter-output>
  </reporter-output>
  <suite started-at="2024-02-24T17:25:08 IST" name="Default suite" finished-at="2024-02-24T17:25:26 IST" duration-ms="17741">
    <groups>
    </groups>
    <test started-at="2024-02-24T17:25:08 IST" name="Default test" finished-at="2024-02-24T17:25:26 IST" duration-ms="17741">
      <class name="com.Selenium.self.practice.Report">
        <test-method signature="reportGeneration()[pri:0, instance:com.Selenium.self.practice.Report@6f46426d]" started-at="2024-02-24T17:25:08 IST" name="reportGeneration" finished-at="2024-02-24T17:25:26 IST" duration-ms="17633" status="PASS">
          <reporter-output>
          </reporter-output>
        </test-method> <!-- reportGeneration -->
      </class> <!-- com.Selenium.self.practice.Report -->
    </test> <!-- Default test -->
  </suite> <!-- Default suite -->
</testng-results>
