<?xml version="1.0" encoding="UTF-8"?>
<testng-results ignored="0" total="1" passed="1" failed="0" skipped="0">
  <reporter-output>
  </reporter-output>
  <suite started-at="2024-02-29T19:24:08 IST" name="Default suite" finished-at="2024-02-29T19:24:39 IST" duration-ms="30490">
    <groups>
    </groups>
    <test started-at="2024-02-29T19:24:08 IST" name="Default test" finished-at="2024-02-29T19:24:39 IST" duration-ms="30490">
      <class name="com.datadrivenframework.test.LoginTest.loginTest">
        <test-method signature="testOne()[pri:0, instance:com.datadrivenframework.test.LoginTest.loginTest@4229bb3f]" started-at="2024-02-29T19:24:08 IST" name="testOne" finished-at="2024-02-29T19:24:39 IST" duration-ms="30352" status="PASS">
          <reporter-output>
          </reporter-output>
        </test-method> <!-- testOne -->
      </class> <!-- com.datadrivenframework.test.LoginTest.loginTest -->
    </test> <!-- Default test -->
  </suite> <!-- Default suite -->
</testng-results>
